<?xml version="1.0" encoding="UTF-8"?>
<!-- Generated by org.testng.reporters.JUnitReportReporter -->
<testsuite hostname="DESKTOP-36RTCA4" failures="0" tests="4" name="com.ecommerce.test.EcommerceValidation" time="48.926" errors="0" timestamp="2024-12-15T15:40:19 IST" skipped="0">
  <testcase classname="com.ecommerce.test.EcommerceValidation" name="verifyErrorMessage" time="14.053"/>
  <testcase classname="com.ecommerce.test.EcommerceValidation" name="verifySingleItemSelection" time="8.678"/>
  <testcase classname="com.ecommerce.test.EcommerceValidation" name="verifyMultipleItemSelection" time="14.003"/>
  <testcase classname="com.ecommerce.test.EcommerceValidation" name="verifyMultipleItemSelection" time="12.192"/>
</testsuite> <!-- com.ecommerce.test.EcommerceValidation -->
