<?xml version="1.0" encoding="UTF-8"?>
<!-- Generated by org.testng.reporters.JUnitReportReporter -->
<testsuite hostname="DESKTOP-36RTCA4" failures="0" tests="4" name="com.ecommerce.test.EcommerceValidation" time="96.320" errors="0" timestamp="2025-01-12T15:20:36 IST" skipped="0">
  <testcase classname="com.ecommerce.test.EcommerceValidation" name="verifyErrorMessage" time="50.986"/>
  <testcase classname="com.ecommerce.test.EcommerceValidation" name="verifyMultipleItemSelection" time="15.289"/>
  <testcase classname="com.ecommerce.test.EcommerceValidation" name="verifyMultipleItemSelection" time="15.090"/>
  <testcase classname="com.ecommerce.test.EcommerceValidation" name="verifySingleItemSelection" time="14.955"/>
</testsuite> <!-- com.ecommerce.test.EcommerceValidation -->
